<?xml version="1.0" encoding="UTF-8"?>
<testsuites name="Gleon Tests" tests="5" failures="5">

  <testsuite name="billing_dashboard" tests="5" failures="5">
    
    <testcase name="overview_metrics.png" classname="billing_dashboard">
      
      <failure message="Visual mismatch detected (875939 pixels)">Visual mismatch detected (875939 pixels)</failure>
      
    </testcase>
    
    <testcase name="revenue_performance.png" classname="billing_dashboard">
      
      <failure message="Visual mismatch detected (SSIM score: 0.6393)">Visual mismatch detected (SSIM score: 0.6393)</failure>
      
    </testcase>
    
    <testcase name="security_alert_banner.png" classname="billing_dashboard">
      
      <failure message="Visual mismatch detected (SSIM Fallback: 14205 pixels)">Visual mismatch detected (SSIM Fallback: 14205 pixels)</failure>
      
    </testcase>
    
    <testcase name="sidebar_navigation.png" classname="billing_dashboard">
      
      <failure message="Dimension mismatch (Baseline: 1920x1080, Actual: 1920x1200)">Dimension mismatch (Baseline: 1920x1080, Actual: 1920x1200)</failure>
      
    </testcase>
    
    <testcase name="user_avatar.png" classname="billing_dashboard">
      
      <failure message="Decode error: PNG header corrupted or incomplete">Decode error: PNG header corrupted or incomplete</failure>
      
    </testcase>
    
  </testsuite>

</testsuites>