<?xml version="1.0" encoding="UTF-8"?>
<testsuites name="Gleon Tests" tests="6" failures="6">

  <testsuite name="billing_dashboard_1" tests="1" failures="1">
    
    <testcase name="overview_metrics.png" classname="billing_dashboard_1">
      
      <failure message="Visual mismatch detected (875939 pixels)">Visual mismatch detected (875939 pixels)</failure>
      
    </testcase>
    
  </testsuite>

  <testsuite name="billing_dashboard_2" tests="1" failures="1">
    
    <testcase name="revenue_performance.png" classname="billing_dashboard_2">
      
      <failure message="Visual mismatch detected (SSIM score: 0.6393)">Visual mismatch detected (SSIM score: 0.6393)</failure>
      
    </testcase>
    
  </testsuite>

  <testsuite name="billing_dashboard_3" tests="1" failures="1">
    
    <testcase name="security_alert_banner.png" classname="billing_dashboard_3">
      
      <failure message="Visual mismatch detected (SSIM Fallback: 14205 pixels)">Visual mismatch detected (SSIM Fallback: 14205 pixels)</failure>
      
    </testcase>
    
  </testsuite>

  <testsuite name="billing_dashboard_4" tests="1" failures="1">
    
    <testcase name="sidebar_navigation.png" classname="billing_dashboard_4">
      
      <failure message="Dimension mismatch (Baseline: 1920x1080, Actual: 1920x1200)">Dimension mismatch (Baseline: 1920x1080, Actual: 1920x1200)</failure>
      
    </testcase>
    
  </testsuite>

  <testsuite name="billing_dashboard_5" tests="1" failures="1">
    
    <testcase name="user_avatar.png" classname="billing_dashboard_5">
      
      <failure message="Decode error: PNG header corrupted or incomplete">Decode error: PNG header corrupted or incomplete</failure>
      
    </testcase>
    
  </testsuite>

  <testsuite name="billing_dashboard_6" tests="1" failures="1">
    
    <testcase name="missing_base.png" classname="billing_dashboard_6">
      
      <failure message="Decode error: Baseline missing">Decode error: Baseline missing</failure>
      
    </testcase>
    
  </testsuite>

</testsuites>